<?xml version="1.0" encoding="UTF-8" ?>
<testsuites>
  <testsuite errors="0" failures="0" hostname="jggbjjyh" id="0" name="CalculatorTest" package="test2" skipped="0" tests="4" time="0.058" timestamp="2016-04-07T03:30:24">
      <properties>
[...]
</properties>

      <testcase classname="test2.CalculatorTest" name="testDivide" time="0.004" />

      <testcase classname="test2.CalculatorTest" name="testAdd" time="0.0" />

      <testcase classname="test2.CalculatorTest" name="testMultiply" time="0.0" />

      <testcase classname="test2.CalculatorTest" name="testSubstract" time="0.0" />

      <system-out><![CDATA[]]></system-out>

      <system-err><![CDATA[]]></system-err>

  </testsuite>
</testsuites>
